[debug] [2025-10-29T13:13:17.303Z] ----------------------------------------------------------------------
[debug] [2025-10-29T13:13:17.305Z] Command:       C:\Program Files\nodejs\node.exe C:\Users\msimarra.COTECMAR\AppData\Roaming\npm\node_modules\firebase-tools\lib\bin\firebase.js init
[debug] [2025-10-29T13:13:17.305Z] CLI Version:   14.22.0
[debug] [2025-10-29T13:13:17.305Z] Platform:      win32
[debug] [2025-10-29T13:13:17.305Z] Node Version:  v22.17.0
[debug] [2025-10-29T13:13:17.306Z] Time:          Wed Oct 29 2025 08:13:17 GMT-0500 (hora estándar de Colombia)
[debug] [2025-10-29T13:13:17.306Z] ----------------------------------------------------------------------
[debug] 
[info] 
     ######## #### ########  ######## ########     ###     ######  ########
     ##        ##  ##     ## ##       ##     ##  ##   ##  ##       ##
     ######    ##  ########  ######   ########  #########  ######  ######
     ##        ##  ##    ##  ##       ##     ## ##     ##       ## ##
     ##       #### ##     ## ######## ########  ##     ##  ######  ########

You're about to initialize a Firebase project in this directory:

  C:\Users\msimarra.COTECMAR\Desktop\prueba-tecnica

[debug] [2025-10-29T13:13:27.586Z] ExitPromptError: User force closed the prompt with SIGINT
    at Interface.sigint (C:\Users\msimarra.COTECMAR\AppData\Roaming\npm\node_modules\firebase-tools\node_modules\@inquirer\core\dist\commonjs\lib\create-prompt.js:101:37)
    at Interface.emit (node:events:518:28)
    at Interface.emit (node:domain:489:12)
    at [_ttyWrite] [as _ttyWrite] (node:internal/readline/interface:1132:18)
    at ReadStream.onkeypress (node:internal/readline/interface:271:20)
    at ReadStream.emit (node:events:530:35)
    at ReadStream.emit (node:domain:489:12)
    at emitKeys (node:internal/readline/utils:370:14)
    at emitKeys.next (<anonymous>)
    at ReadStream.onData (node:internal/readline/emitKeypressEvents:64:36)
[error] 
[error] Error: An unexpected error has occurred.
